2025-12-15 13:38:50,771 - __main__ - ERROR - Fichier modèle non trouvé: model_classification.pkl
2025-12-15 13:38:50,783 - werkzeug - INFO - [31m[1mWARNING: This is a development server. Do not use it in a production deployment. Use a production WSGI server instead.[0m
 * Running on all addresses (0.0.0.0)
 * Running on http://127.0.0.1:5000
 * Running on http://10.0.0.130:5000
2025-12-15 13:38:50,784 - werkzeug - INFO - [33mPress CTRL+C to quit[0m
2025-12-15 13:38:50,784 - werkzeug - INFO -  * Restarting with stat
2025-12-15 13:38:51,257 - __main__ - ERROR - Fichier modèle non trouvé: model_classification.pkl
2025-12-15 13:38:51,262 - werkzeug - WARNING -  * Debugger is active!
2025-12-15 13:38:51,268 - werkzeug - INFO -  * Debugger PIN: 515-962-584
2025-12-15 13:47:02,579 - __main__ - ERROR - Fichier modèle non trouvé: /Model_B/model_classification.pkl
2025-12-15 13:47:02,589 - werkzeug - INFO - [31m[1mWARNING: This is a development server. Do not use it in a production deployment. Use a production WSGI server instead.[0m
 * Running on all addresses (0.0.0.0)
 * Running on http://127.0.0.1:5000
 * Running on http://10.0.0.130:5000
2025-12-15 13:47:02,590 - werkzeug - INFO - [33mPress CTRL+C to quit[0m
2025-12-15 13:47:02,591 - werkzeug - INFO -  * Restarting with stat
2025-12-15 13:47:03,135 - __main__ - ERROR - Fichier modèle non trouvé: /Model_B/model_classification.pkl
2025-12-15 13:47:03,139 - werkzeug - WARNING -  * Debugger is active!
2025-12-15 13:47:03,140 - werkzeug - INFO -  * Debugger PIN: 515-962-584
2025-12-15 13:48:47,848 - werkzeug - INFO -  * Detected change in '/workspaces/Projet_Collecte_Donn-es_IA-2/ApiPredictDays.py', reloading
2025-12-15 13:48:47,919 - werkzeug - INFO -  * Restarting with stat
2025-12-15 13:48:48,436 - __main__ - ERROR - Fichier modèle non trouvé: /Model_B/model_classification.pkl
2025-12-15 13:48:48,440 - werkzeug - WARNING -  * Debugger is active!
2025-12-15 13:48:48,441 - werkzeug - INFO -  * Debugger PIN: 515-962-584
2025-12-15 13:48:58,748 - werkzeug - INFO -  * Detected change in '/workspaces/Projet_Collecte_Donn-es_IA-2/ApiPredictDays.py', reloading
2025-12-15 13:48:58,952 - werkzeug - INFO -  * Restarting with stat
2025-12-15 13:48:59,483 - __main__ - ERROR - Fichier modèle non trouvé: /Model_B/model_classification.pkl
2025-12-15 13:48:59,491 - werkzeug - WARNING -  * Debugger is active!
2025-12-15 13:48:59,492 - werkzeug - INFO -  * Debugger PIN: 515-962-584
2025-12-15 13:49:05,791 - werkzeug - INFO -  * Detected change in '/workspaces/Projet_Collecte_Donn-es_IA-2/ApiPredictDays.py', reloading
2025-12-15 13:49:05,866 - werkzeug - INFO -  * Restarting with stat
2025-12-15 13:49:06,353 - __main__ - ERROR - Fichier modèle non trouvé: /Model_B/model_classification.pkl
2025-12-15 13:49:06,357 - werkzeug - WARNING -  * Debugger is active!
2025-12-15 13:49:06,357 - werkzeug - INFO -  * Debugger PIN: 515-962-584
2025-12-15 13:49:23,591 - werkzeug - INFO -  * Detected change in '/workspaces/Projet_Collecte_Donn-es_IA-2/ApiPredictDays.py', reloading
2025-12-15 13:49:23,656 - werkzeug - INFO -  * Restarting with stat
2025-12-15 13:49:32,036 - __main__ - INFO - Features extraites du modèle: ['wind_speed', 'vibration_level', 'temperature', 'power_output', 'maintenance_done']
2025-12-15 13:49:32,036 - __main__ - INFO - Modèle chargé avec succès depuis Model_B/model_classification.pkl
2025-12-15 13:49:32,037 - __main__ - INFO - Type de modèle: <class 'sklearn.ensemble._forest.RandomForestClassifier'>
2025-12-15 13:49:32,037 - __main__ - INFO - Nombre de features attendues: 5
2025-12-15 13:49:32,052 - __main__ - INFO - Test de prédiction réussi: 0
2025-12-15 13:49:32,057 - werkzeug - WARNING -  * Debugger is active!
2025-12-15 13:49:32,057 - werkzeug - INFO -  * Debugger PIN: 515-962-584
2025-12-15 13:50:22,531 - werkzeug - INFO -  * Detected change in '/workspaces/Projet_Collecte_Donn-es_IA-2/ApiPredictDays.py', reloading
2025-12-15 13:50:22,673 - werkzeug - INFO -  * Restarting with stat
2025-12-15 13:50:23,970 - __main__ - INFO - Features extraites du modèle: ['wind_speed', 'vibration_level', 'temperature', 'power_output', 'maintenance_done']
2025-12-15 13:50:23,970 - __main__ - INFO - Modèle chargé avec succès depuis Model_B/model_classification.pkl
2025-12-15 13:50:23,970 - __main__ - INFO - Type de modèle: <class 'sklearn.ensemble._forest.RandomForestClassifier'>
2025-12-15 13:50:23,970 - __main__ - INFO - Nombre de features attendues: 5
2025-12-15 13:50:23,984 - __main__ - INFO - Test de prédiction réussi: 0
2025-12-15 13:50:23,989 - werkzeug - WARNING -  * Debugger is active!
2025-12-15 13:50:23,990 - werkzeug - INFO -  * Debugger PIN: 515-962-584
2025-12-15 13:50:33,990 - __main__ - INFO - Features extraites du modèle: ['wind_speed', 'vibration_level', 'temperature', 'power_output', 'maintenance_done']
2025-12-15 13:50:33,990 - __main__ - INFO - Modèle chargé avec succès depuis Model_B/model_classification.pkl
2025-12-15 13:50:33,990 - __main__ - INFO - Type de modèle: <class 'sklearn.ensemble._forest.RandomForestClassifier'>
2025-12-15 13:50:33,990 - __main__ - INFO - Nombre de features attendues: 5
2025-12-15 13:50:34,002 - __main__ - INFO - Test de prédiction réussi: 0
2025-12-15 13:50:34,009 - werkzeug - INFO - [31m[1mWARNING: This is a development server. Do not use it in a production deployment. Use a production WSGI server instead.[0m
 * Running on all addresses (0.0.0.0)
 * Running on http://127.0.0.1:5000
 * Running on http://10.0.0.130:5000
2025-12-15 13:50:34,009 - werkzeug - INFO - [33mPress CTRL+C to quit[0m
2025-12-15 13:50:34,010 - werkzeug - INFO -  * Restarting with stat
2025-12-15 13:50:35,271 - __main__ - INFO - Features extraites du modèle: ['wind_speed', 'vibration_level', 'temperature', 'power_output', 'maintenance_done']
2025-12-15 13:50:35,271 - __main__ - INFO - Modèle chargé avec succès depuis Model_B/model_classification.pkl
2025-12-15 13:50:35,271 - __main__ - INFO - Type de modèle: <class 'sklearn.ensemble._forest.RandomForestClassifier'>
2025-12-15 13:50:35,271 - __main__ - INFO - Nombre de features attendues: 5
2025-12-15 13:50:35,287 - __main__ - INFO - Test de prédiction réussi: 0
2025-12-15 13:50:35,291 - werkzeug - WARNING -  * Debugger is active!
2025-12-15 13:50:35,292 - werkzeug - INFO -  * Debugger PIN: 515-962-584
2025-12-15 13:51:22,832 - werkzeug - INFO - 127.0.0.1 - - [15/Dec/2025 13:51:22] "[33mGET / HTTP/1.1[0m" 404 -
2025-12-15 13:51:23,156 - werkzeug - INFO - 127.0.0.1 - - [15/Dec/2025 13:51:23] "[33mGET /favicon.ico HTTP/1.1[0m" 404 -
2025-12-15 13:51:49,189 - __main__ - INFO - Features extraites du modèle: ['wind_speed', 'vibration_level', 'temperature', 'power_output', 'maintenance_done']
2025-12-15 13:51:49,190 - __main__ - INFO - Modèle chargé avec succès depuis Model_B/model_classification.pkl
2025-12-15 13:51:49,190 - __main__ - INFO - Type de modèle: <class 'sklearn.ensemble._forest.RandomForestClassifier'>
2025-12-15 13:51:49,190 - __main__ - INFO - Nombre de features attendues: 5
2025-12-15 13:51:49,202 - __main__ - INFO - Test de prédiction réussi: 0
2025-12-15 13:51:49,209 - werkzeug - INFO - [31m[1mWARNING: This is a development server. Do not use it in a production deployment. Use a production WSGI server instead.[0m
 * Running on all addresses (0.0.0.0)
 * Running on http://127.0.0.1:5000
 * Running on http://10.0.0.130:5000
2025-12-15 13:51:49,209 - werkzeug - INFO - [33mPress CTRL+C to quit[0m
2025-12-15 13:51:49,210 - werkzeug - INFO -  * Restarting with stat
2025-12-15 13:51:50,538 - __main__ - INFO - Features extraites du modèle: ['wind_speed', 'vibration_level', 'temperature', 'power_output', 'maintenance_done']
2025-12-15 13:51:50,538 - __main__ - INFO - Modèle chargé avec succès depuis Model_B/model_classification.pkl
2025-12-15 13:51:50,538 - __main__ - INFO - Type de modèle: <class 'sklearn.ensemble._forest.RandomForestClassifier'>
2025-12-15 13:51:50,538 - __main__ - INFO - Nombre de features attendues: 5
2025-12-15 13:51:50,551 - __main__ - INFO - Test de prédiction réussi: 0
2025-12-15 13:51:50,556 - werkzeug - WARNING -  * Debugger is active!
2025-12-15 13:51:50,556 - werkzeug - INFO -  * Debugger PIN: 515-962-584
2025-12-15 13:53:19,058 - __main__ - INFO - Requête API: {"timestamp": "2025-12-15T13:53:19.057971", "endpoint": "health_check", "method": "GET", "user": "127.0.0.1", "token_provided": false, "params": null, "body": null}
2025-12-15 13:53:19,060 - werkzeug - INFO - 127.0.0.1 - - [15/Dec/2025 13:53:19] "GET /api/health HTTP/1.1" 200 -
2025-12-16 10:38:35,649 - __main__ - INFO - Features extraites du modèle: ['wind_speed', 'vibration_level', 'temperature', 'power_output', 'maintenance_done']
2025-12-16 10:38:35,649 - __main__ - INFO - Modèle chargé avec succès depuis Model_B/model_classification.pkl
2025-12-16 10:38:35,649 - __main__ - INFO - Type de modèle: <class 'sklearn.ensemble._forest.RandomForestClassifier'>
2025-12-16 10:38:35,649 - __main__ - INFO - Nombre de features attendues: 5
2025-12-16 10:38:35,660 - __main__ - INFO - Test de prédiction réussi: 0
2025-12-16 10:38:35,671 - werkzeug - INFO - [31m[1mWARNING: This is a development server. Do not use it in a production deployment. Use a production WSGI server instead.[0m
 * Running on all addresses (0.0.0.0)
 * Running on http://127.0.0.1:5000
 * Running on http://10.0.1.239:5000
2025-12-16 10:38:35,671 - werkzeug - INFO - [33mPress CTRL+C to quit[0m
2025-12-16 10:38:35,675 - werkzeug - INFO -  * Restarting with watchdog (inotify)
2025-12-16 10:38:36,813 - __main__ - INFO - Features extraites du modèle: ['wind_speed', 'vibration_level', 'temperature', 'power_output', 'maintenance_done']
2025-12-16 10:38:36,813 - __main__ - INFO - Modèle chargé avec succès depuis Model_B/model_classification.pkl
2025-12-16 10:38:36,813 - __main__ - INFO - Type de modèle: <class 'sklearn.ensemble._forest.RandomForestClassifier'>
2025-12-16 10:38:36,813 - __main__ - INFO - Nombre de features attendues: 5
2025-12-16 10:38:36,823 - __main__ - INFO - Test de prédiction réussi: 0
2025-12-16 10:38:36,827 - werkzeug - WARNING -  * Debugger is active!
2025-12-16 10:38:36,844 - werkzeug - INFO -  * Debugger PIN: 511-479-649
2025-12-16 10:39:33,313 - werkzeug - INFO - 127.0.0.1 - - [16/Dec/2025 10:39:33] "[31m[1mPOST /api/predict HTTP/1.1[0m" 401 -
2025-12-16 10:54:03,081 - werkzeug - INFO -  * Detected change in '/workspaces/Projet_Collecte_Donn-es_IA-2/app/historiques.py', reloading
2025-12-16 10:54:03,323 - werkzeug - INFO -  * Restarting with watchdog (inotify)
2025-12-16 10:54:04,644 - __main__ - INFO - Features extraites du modèle: ['wind_speed', 'vibration_level', 'temperature', 'power_output', 'maintenance_done']
2025-12-16 10:54:04,644 - __main__ - INFO - Modèle chargé avec succès depuis Model_B/model_classification.pkl
2025-12-16 10:54:04,644 - __main__ - INFO - Type de modèle: <class 'sklearn.ensemble._forest.RandomForestClassifier'>
2025-12-16 10:54:04,644 - __main__ - INFO - Nombre de features attendues: 5
2025-12-16 10:54:04,656 - __main__ - INFO - Test de prédiction réussi: 0
2025-12-16 10:54:04,661 - werkzeug - WARNING -  * Debugger is active!
2025-12-16 10:54:04,661 - werkzeug - INFO -  * Debugger PIN: 511-479-649
2025-12-16 10:54:10,349 - __main__ - INFO - Requête API: {"timestamp": "2025-12-16T10:54:10.348825", "endpoint": "predict", "method": "POST", "user": "127.0.0.1", "token_provided": true, "params": null, "body": {"wind_speed": 10.5, "vibration_level": 3.2, "temperature": 25.0, "power_output": 750.0, "maintenance_done": 0}}
2025-12-16 10:54:10,350 - __main__ - INFO - Features préparées: (1, 5)
2025-12-16 10:54:10,368 - __main__ - INFO - Prédiction réussie: ID=pred_20251216_105410_8288, Risque=Faible, Probabilité=0.000
2025-12-16 10:54:10,369 - werkzeug - INFO - 127.0.0.1 - - [16/Dec/2025 10:54:10] "POST /api/predict HTTP/1.1" 200 -
2025-12-16 12:37:24,278 - __main__ - INFO - Features extraites du modèle: ['wind_speed', 'vibration_level', 'temperature', 'power_output', 'maintenance_done']
2025-12-16 12:37:24,279 - __main__ - INFO - Modèle chargé avec succès depuis Model_B/model_classification.pkl
2025-12-16 12:37:24,279 - __main__ - INFO - Type de modèle: <class 'sklearn.ensemble._forest.RandomForestClassifier'>
2025-12-16 12:37:24,279 - __main__ - INFO - Nombre de features attendues: 5
2025-12-16 12:37:24,294 - __main__ - INFO - Test de prédiction réussi: 0
2025-12-16 12:37:24,317 - werkzeug - INFO - [31m[1mWARNING: This is a development server. Do not use it in a production deployment. Use a production WSGI server instead.[0m
 * Running on all addresses (0.0.0.0)
 * Running on http://127.0.0.1:5000
 * Running on http://10.0.3.154:5000
2025-12-16 12:37:24,317 - werkzeug - INFO - [33mPress CTRL+C to quit[0m
2025-12-16 12:37:24,323 - werkzeug - INFO -  * Restarting with watchdog (inotify)
2025-12-16 12:37:25,528 - __main__ - INFO - Features extraites du modèle: ['wind_speed', 'vibration_level', 'temperature', 'power_output', 'maintenance_done']
2025-12-16 12:37:25,528 - __main__ - INFO - Modèle chargé avec succès depuis Model_B/model_classification.pkl
2025-12-16 12:37:25,528 - __main__ - INFO - Type de modèle: <class 'sklearn.ensemble._forest.RandomForestClassifier'>
2025-12-16 12:37:25,528 - __main__ - INFO - Nombre de features attendues: 5
2025-12-16 12:37:25,538 - __main__ - INFO - Test de prédiction réussi: 0
2025-12-16 12:37:25,543 - werkzeug - WARNING -  * Debugger is active!
2025-12-16 12:37:25,543 - werkzeug - INFO -  * Debugger PIN: 408-068-844
2025-12-16 12:41:26,557 - werkzeug - INFO -  * Detected change in '/workspaces/Projet_Collecte_Donn-es_IA-2/app/mesures_capteurs.py', reloading
2025-12-16 12:41:26,784 - werkzeug - INFO -  * Restarting with watchdog (inotify)
2025-12-16 12:41:27,976 - __main__ - INFO - Features extraites du modèle: ['wind_speed', 'vibration_level', 'temperature', 'power_output', 'maintenance_done']
2025-12-16 12:41:27,977 - __main__ - INFO - Modèle chargé avec succès depuis Model_B/model_classification.pkl
2025-12-16 12:41:27,978 - __main__ - INFO - Type de modèle: <class 'sklearn.ensemble._forest.RandomForestClassifier'>
2025-12-16 12:41:27,978 - __main__ - INFO - Nombre de features attendues: 5
2025-12-16 12:41:27,993 - __main__ - INFO - Test de prédiction réussi: 0
2025-12-16 12:41:28,000 - werkzeug - WARNING -  * Debugger is active!
2025-12-16 12:41:28,000 - werkzeug - INFO -  * Debugger PIN: 408-068-844
2025-12-16 12:42:09,409 - werkzeug - INFO -  * Detected change in '/workspaces/Projet_Collecte_Donn-es_IA-2/app/mesures_capteurs.py', reloading
2025-12-16 12:42:09,597 - werkzeug - INFO -  * Restarting with watchdog (inotify)
2025-12-16 12:42:10,802 - __main__ - INFO - Features extraites du modèle: ['wind_speed', 'vibration_level', 'temperature', 'power_output', 'maintenance_done']
2025-12-16 12:42:10,803 - __main__ - INFO - Modèle chargé avec succès depuis Model_B/model_classification.pkl
2025-12-16 12:42:10,803 - __main__ - INFO - Type de modèle: <class 'sklearn.ensemble._forest.RandomForestClassifier'>
2025-12-16 12:42:10,803 - __main__ - INFO - Nombre de features attendues: 5
2025-12-16 12:42:10,816 - __main__ - INFO - Test de prédiction réussi: 0
2025-12-16 12:42:10,820 - werkzeug - WARNING -  * Debugger is active!
2025-12-16 12:42:10,820 - werkzeug - INFO -  * Debugger PIN: 408-068-844
2025-12-16 13:34:18,275 - __main__ - INFO - Features extraites du modèle: ['wind_speed', 'vibration_level', 'temperature', 'power_output', 'maintenance_done']
2025-12-16 13:34:18,276 - __main__ - INFO - Modèle chargé avec succès depuis Model_B/model_classification.pkl
2025-12-16 13:34:18,276 - __main__ - INFO - Type de modèle: <class 'sklearn.ensemble._forest.RandomForestClassifier'>
2025-12-16 13:34:18,276 - __main__ - INFO - Nombre de features attendues: 5
2025-12-16 13:34:18,291 - __main__ - INFO - Test de prédiction réussi: 0
2025-12-16 13:34:18,305 - werkzeug - INFO - [31m[1mWARNING: This is a development server. Do not use it in a production deployment. Use a production WSGI server instead.[0m
 * Running on all addresses (0.0.0.0)
 * Running on http://127.0.0.1:5000
 * Running on http://10.0.3.103:5000
2025-12-16 13:34:18,306 - werkzeug - INFO - [33mPress CTRL+C to quit[0m
2025-12-16 13:34:18,311 - werkzeug - INFO -  * Restarting with watchdog (inotify)
2025-12-16 13:34:19,541 - __main__ - INFO - Features extraites du modèle: ['wind_speed', 'vibration_level', 'temperature', 'power_output', 'maintenance_done']
2025-12-16 13:34:19,542 - __main__ - INFO - Modèle chargé avec succès depuis Model_B/model_classification.pkl
2025-12-16 13:34:19,542 - __main__ - INFO - Type de modèle: <class 'sklearn.ensemble._forest.RandomForestClassifier'>
2025-12-16 13:34:19,542 - __main__ - INFO - Nombre de features attendues: 5
2025-12-16 13:34:19,559 - __main__ - INFO - Test de prédiction réussi: 0
2025-12-16 13:34:19,570 - werkzeug - WARNING -  * Debugger is active!
2025-12-16 13:34:19,570 - werkzeug - INFO -  * Debugger PIN: 130-251-410
2025-12-16 13:36:04,299 - __main__ - INFO - Requête API: {"timestamp": "2025-12-16T13:36:04.299728", "endpoint": "predict", "method": "POST", "user": "127.0.0.1", "token_provided": true, "params": null, "body": {"wind_speed": 10.5, "vibration_level": 3.2, "temperature": 100.0, "power_output": 750.0, "maintenance_done": 1}}
2025-12-16 13:36:04,300 - __main__ - WARNING - Validation des données échouée: Valeur invalide pour temperature: 100.0. Doit être un nombre entre -20 et 60 °C
2025-12-16 13:36:04,301 - werkzeug - INFO - 127.0.0.1 - - [16/Dec/2025 13:36:04] "[31m[1mPOST /api/predict HTTP/1.1[0m" 400 -
2025-12-16 13:36:32,026 - __main__ - INFO - Requête API: {"timestamp": "2025-12-16T13:36:32.026235", "endpoint": "predict", "method": "POST", "user": "127.0.0.1", "token_provided": true, "params": null, "body": {"wind_speed": 10.5, "vibration_level": 3.2, "temperature": 60.0, "power_output": 750.0899999999999, "maintenance_done": 1}}
2025-12-16 13:36:32,027 - __main__ - INFO - Features préparées: (1, 5)
2025-12-16 13:36:32,046 - __main__ - INFO - Prédiction réussie: ID=pred_20251216_133632_7323, Risque=Faible, Probabilité=0.073
2025-12-16 13:36:32,047 - werkzeug - INFO - 127.0.0.1 - - [16/Dec/2025 13:36:32] "POST /api/predict HTTP/1.1" 200 -
2025-12-16 14:45:37,183 - __main__ - INFO - Features extraites du modèle: ['wind_speed', 'vibration_level', 'temperature', 'power_output', 'maintenance_done']
2025-12-16 14:45:37,189 - __main__ - INFO - Modèle chargé avec succès depuis Model_B/model_classification.pkl
2025-12-16 14:45:37,189 - __main__ - INFO - Type de modèle: <class 'sklearn.ensemble._forest.RandomForestClassifier'>
2025-12-16 14:45:37,189 - __main__ - INFO - Nombre de features attendues: 5
2025-12-16 14:45:37,204 - __main__ - INFO - Test de prédiction réussi: 0
2025-12-16 14:45:37,226 - werkzeug - INFO - [31m[1mWARNING: This is a development server. Do not use it in a production deployment. Use a production WSGI server instead.[0m
 * Running on all addresses (0.0.0.0)
 * Running on http://127.0.0.1:5000
 * Running on http://10.0.3.40:5000
2025-12-16 14:45:37,226 - werkzeug - INFO - [33mPress CTRL+C to quit[0m
2025-12-16 14:45:37,231 - werkzeug - INFO -  * Restarting with watchdog (inotify)
2025-12-16 14:45:38,489 - __main__ - INFO - Features extraites du modèle: ['wind_speed', 'vibration_level', 'temperature', 'power_output', 'maintenance_done']
2025-12-16 14:45:38,490 - __main__ - INFO - Modèle chargé avec succès depuis Model_B/model_classification.pkl
2025-12-16 14:45:38,490 - __main__ - INFO - Type de modèle: <class 'sklearn.ensemble._forest.RandomForestClassifier'>
2025-12-16 14:45:38,490 - __main__ - INFO - Nombre de features attendues: 5
2025-12-16 14:45:38,501 - __main__ - INFO - Test de prédiction réussi: 0
2025-12-16 14:45:38,505 - werkzeug - WARNING -  * Debugger is active!
2025-12-16 14:45:38,508 - werkzeug - INFO -  * Debugger PIN: 823-576-407
2025-12-16 14:48:29,040 - werkzeug - INFO -  * Detected change in '/workspaces/Projet_Collecte_Donn-es_IA-2/app/mesures_capteurs.py', reloading
2025-12-16 14:48:29,225 - werkzeug - INFO -  * Restarting with watchdog (inotify)
2025-12-16 14:48:30,402 - __main__ - INFO - Features extraites du modèle: ['wind_speed', 'vibration_level', 'temperature', 'power_output', 'maintenance_done']
2025-12-16 14:48:30,402 - __main__ - INFO - Modèle chargé avec succès depuis Model_B/model_classification.pkl
2025-12-16 14:48:30,403 - __main__ - INFO - Type de modèle: <class 'sklearn.ensemble._forest.RandomForestClassifier'>
2025-12-16 14:48:30,403 - __main__ - INFO - Nombre de features attendues: 5
2025-12-16 14:48:30,417 - __main__ - INFO - Test de prédiction réussi: 0
2025-12-16 14:48:30,423 - werkzeug - WARNING -  * Debugger is active!
2025-12-16 14:48:30,424 - werkzeug - INFO -  * Debugger PIN: 823-576-407
2025-12-16 14:51:15,801 - werkzeug - INFO -  * Detected change in '/workspaces/Projet_Collecte_Donn-es_IA-2/app/mesures_capteurs.py', reloading
2025-12-16 14:51:15,980 - werkzeug - INFO -  * Restarting with watchdog (inotify)
2025-12-16 14:51:17,817 - __main__ - INFO - Features extraites du modèle: ['wind_speed', 'vibration_level', 'temperature', 'power_output', 'maintenance_done']
2025-12-16 14:51:17,817 - __main__ - INFO - Modèle chargé avec succès depuis Model_B/model_classification.pkl
2025-12-16 14:51:17,817 - __main__ - INFO - Type de modèle: <class 'sklearn.ensemble._forest.RandomForestClassifier'>
2025-12-16 14:51:17,817 - __main__ - INFO - Nombre de features attendues: 5
2025-12-16 14:51:17,827 - __main__ - INFO - Test de prédiction réussi: 0
2025-12-16 14:51:17,832 - werkzeug - WARNING -  * Debugger is active!
2025-12-16 14:51:17,832 - werkzeug - INFO -  * Debugger PIN: 823-576-407
2025-12-16 14:51:21,020 - werkzeug - INFO -  * Detected change in '/workspaces/Projet_Collecte_Donn-es_IA-2/app/mesures_capteurs.py', reloading
2025-12-16 14:51:21,213 - werkzeug - INFO -  * Restarting with watchdog (inotify)
2025-12-16 14:51:22,744 - __main__ - INFO - Features extraites du modèle: ['wind_speed', 'vibration_level', 'temperature', 'power_output', 'maintenance_done']
2025-12-16 14:51:22,744 - __main__ - INFO - Modèle chargé avec succès depuis Model_B/model_classification.pkl
2025-12-16 14:51:22,744 - __main__ - INFO - Type de modèle: <class 'sklearn.ensemble._forest.RandomForestClassifier'>
2025-12-16 14:51:22,745 - __main__ - INFO - Nombre de features attendues: 5
2025-12-16 14:51:22,754 - __main__ - INFO - Test de prédiction réussi: 0
2025-12-16 14:51:22,759 - werkzeug - WARNING -  * Debugger is active!
2025-12-16 14:51:22,759 - werkzeug - INFO -  * Debugger PIN: 823-576-407
2025-12-16 14:51:24,869 - werkzeug - INFO -  * Detected change in '/workspaces/Projet_Collecte_Donn-es_IA-2/app/mesures_capteurs.py', reloading
2025-12-16 14:51:25,082 - werkzeug - INFO -  * Restarting with watchdog (inotify)
2025-12-16 14:51:26,199 - __main__ - INFO - Features extraites du modèle: ['wind_speed', 'vibration_level', 'temperature', 'power_output', 'maintenance_done']
2025-12-16 14:51:26,199 - __main__ - INFO - Modèle chargé avec succès depuis Model_B/model_classification.pkl
2025-12-16 14:51:26,199 - __main__ - INFO - Type de modèle: <class 'sklearn.ensemble._forest.RandomForestClassifier'>
2025-12-16 14:51:26,199 - __main__ - INFO - Nombre de features attendues: 5
2025-12-16 14:51:26,209 - __main__ - INFO - Test de prédiction réussi: 0
2025-12-16 14:51:26,213 - werkzeug - WARNING -  * Debugger is active!
2025-12-16 14:51:26,213 - werkzeug - INFO -  * Debugger PIN: 823-576-407
2025-12-16 14:52:35,048 - werkzeug - INFO -  * Detected change in '/workspaces/Projet_Collecte_Donn-es_IA-2/app/mesures_capteurs.py', reloading
2025-12-16 14:52:35,049 - werkzeug - INFO -  * Detected change in '/workspaces/Projet_Collecte_Donn-es_IA-2/app/mesures_capteurs.py', reloading
2025-12-16 14:52:35,236 - werkzeug - INFO -  * Restarting with watchdog (inotify)
2025-12-16 14:52:36,360 - __main__ - INFO - Features extraites du modèle: ['wind_speed', 'vibration_level', 'temperature', 'power_output', 'maintenance_done']
2025-12-16 14:52:36,360 - __main__ - INFO - Modèle chargé avec succès depuis Model_B/model_classification.pkl
2025-12-16 14:52:36,360 - __main__ - INFO - Type de modèle: <class 'sklearn.ensemble._forest.RandomForestClassifier'>
2025-12-16 14:52:36,360 - __main__ - INFO - Nombre de features attendues: 5
2025-12-16 14:52:36,371 - __main__ - INFO - Test de prédiction réussi: 0
2025-12-16 14:52:36,375 - werkzeug - WARNING -  * Debugger is active!
2025-12-16 14:52:36,375 - werkzeug - INFO -  * Debugger PIN: 823-576-407
2025-12-16 14:53:01,250 - werkzeug - INFO -  * Detected change in '/workspaces/Projet_Collecte_Donn-es_IA-2/app/mesures_capteurs.py', reloading
2025-12-16 14:53:01,473 - werkzeug - INFO -  * Restarting with watchdog (inotify)
2025-12-16 14:53:02,664 - __main__ - INFO - Features extraites du modèle: ['wind_speed', 'vibration_level', 'temperature', 'power_output', 'maintenance_done']
2025-12-16 14:53:02,665 - __main__ - INFO - Modèle chargé avec succès depuis Model_B/model_classification.pkl
2025-12-16 14:53:02,665 - __main__ - INFO - Type de modèle: <class 'sklearn.ensemble._forest.RandomForestClassifier'>
2025-12-16 14:53:02,665 - __main__ - INFO - Nombre de features attendues: 5
2025-12-16 14:53:02,680 - __main__ - INFO - Test de prédiction réussi: 0
2025-12-16 14:53:02,689 - werkzeug - WARNING -  * Debugger is active!
2025-12-16 14:53:02,690 - werkzeug - INFO -  * Debugger PIN: 823-576-407
2025-12-16 14:53:04,875 - werkzeug - INFO -  * Detected change in '/workspaces/Projet_Collecte_Donn-es_IA-2/app/mesures_capteurs.py', reloading
2025-12-16 14:53:05,064 - werkzeug - INFO -  * Restarting with watchdog (inotify)
2025-12-16 14:53:06,324 - __main__ - INFO - Features extraites du modèle: ['wind_speed', 'vibration_level', 'temperature', 'power_output', 'maintenance_done']
2025-12-16 14:53:06,325 - __main__ - INFO - Modèle chargé avec succès depuis Model_B/model_classification.pkl
2025-12-16 14:53:06,325 - __main__ - INFO - Type de modèle: <class 'sklearn.ensemble._forest.RandomForestClassifier'>
2025-12-16 14:53:06,325 - __main__ - INFO - Nombre de features attendues: 5
2025-12-16 14:53:06,336 - __main__ - INFO - Test de prédiction réussi: 0
2025-12-16 14:53:06,340 - werkzeug - WARNING -  * Debugger is active!
2025-12-16 14:53:06,341 - werkzeug - INFO -  * Debugger PIN: 823-576-407
2025-12-16 14:53:11,379 - werkzeug - INFO -  * Detected change in '/workspaces/Projet_Collecte_Donn-es_IA-2/app/mesures_capteurs.py', reloading
2025-12-16 14:53:11,601 - werkzeug - INFO -  * Restarting with watchdog (inotify)
2025-12-16 14:53:12,771 - __main__ - INFO - Features extraites du modèle: ['wind_speed', 'vibration_level', 'temperature', 'power_output', 'maintenance_done']
2025-12-16 14:53:12,771 - __main__ - INFO - Modèle chargé avec succès depuis Model_B/model_classification.pkl
2025-12-16 14:53:12,771 - __main__ - INFO - Type de modèle: <class 'sklearn.ensemble._forest.RandomForestClassifier'>
2025-12-16 14:53:12,771 - __main__ - INFO - Nombre de features attendues: 5
2025-12-16 14:53:12,789 - __main__ - INFO - Test de prédiction réussi: 0
2025-12-16 14:53:12,795 - werkzeug - WARNING -  * Debugger is active!
2025-12-16 14:53:12,796 - werkzeug - INFO -  * Debugger PIN: 823-576-407
2025-12-16 14:53:14,012 - werkzeug - INFO -  * Detected change in '/workspaces/Projet_Collecte_Donn-es_IA-2/app/mesures_capteurs.py', reloading
2025-12-16 14:53:14,200 - werkzeug - INFO -  * Restarting with watchdog (inotify)
2025-12-16 14:53:15,595 - __main__ - INFO - Features extraites du modèle: ['wind_speed', 'vibration_level', 'temperature', 'power_output', 'maintenance_done']
2025-12-16 14:53:15,595 - __main__ - INFO - Modèle chargé avec succès depuis Model_B/model_classification.pkl
2025-12-16 14:53:15,596 - __main__ - INFO - Type de modèle: <class 'sklearn.ensemble._forest.RandomForestClassifier'>
2025-12-16 14:53:15,596 - __main__ - INFO - Nombre de features attendues: 5
2025-12-16 14:53:15,605 - __main__ - INFO - Test de prédiction réussi: 0
2025-12-16 14:53:15,610 - werkzeug - WARNING -  * Debugger is active!
2025-12-16 14:53:15,610 - werkzeug - INFO -  * Debugger PIN: 823-576-407
2025-12-16 14:53:25,202 - werkzeug - INFO -  * Detected change in '/workspaces/Projet_Collecte_Donn-es_IA-2/app/mesures_capteurs.py', reloading
2025-12-16 14:53:25,407 - werkzeug - INFO -  * Restarting with watchdog (inotify)
2025-12-16 14:53:26,624 - __main__ - INFO - Features extraites du modèle: ['wind_speed', 'vibration_level', 'temperature', 'power_output', 'maintenance_done']
2025-12-16 14:53:26,625 - __main__ - INFO - Modèle chargé avec succès depuis Model_B/model_classification.pkl
2025-12-16 14:53:26,625 - __main__ - INFO - Type de modèle: <class 'sklearn.ensemble._forest.RandomForestClassifier'>
2025-12-16 14:53:26,625 - __main__ - INFO - Nombre de features attendues: 5
2025-12-16 14:53:26,635 - __main__ - INFO - Test de prédiction réussi: 0
2025-12-16 14:53:26,639 - werkzeug - WARNING -  * Debugger is active!
2025-12-16 14:53:26,640 - werkzeug - INFO -  * Debugger PIN: 823-576-407
2025-12-16 14:53:32,488 - werkzeug - INFO -  * Detected change in '/workspaces/Projet_Collecte_Donn-es_IA-2/app/mesures_capteurs.py', reloading
2025-12-16 14:53:32,693 - werkzeug - INFO -  * Restarting with watchdog (inotify)
2025-12-16 14:53:33,844 - __main__ - INFO - Features extraites du modèle: ['wind_speed', 'vibration_level', 'temperature', 'power_output', 'maintenance_done']
2025-12-16 14:53:33,844 - __main__ - INFO - Modèle chargé avec succès depuis Model_B/model_classification.pkl
2025-12-16 14:53:33,844 - __main__ - INFO - Type de modèle: <class 'sklearn.ensemble._forest.RandomForestClassifier'>
2025-12-16 14:53:33,844 - __main__ - INFO - Nombre de features attendues: 5
2025-12-16 14:53:33,854 - __main__ - INFO - Test de prédiction réussi: 0
2025-12-16 14:53:33,858 - werkzeug - WARNING -  * Debugger is active!
2025-12-16 14:53:33,859 - werkzeug - INFO -  * Debugger PIN: 823-576-407
2025-12-16 14:53:36,206 - werkzeug - INFO -  * Detected change in '/workspaces/Projet_Collecte_Donn-es_IA-2/app/mesures_capteurs.py', reloading
2025-12-16 14:53:36,446 - werkzeug - INFO -  * Restarting with watchdog (inotify)
2025-12-16 14:53:37,657 - __main__ - INFO - Features extraites du modèle: ['wind_speed', 'vibration_level', 'temperature', 'power_output', 'maintenance_done']
2025-12-16 14:53:37,657 - __main__ - INFO - Modèle chargé avec succès depuis Model_B/model_classification.pkl
2025-12-16 14:53:37,657 - __main__ - INFO - Type de modèle: <class 'sklearn.ensemble._forest.RandomForestClassifier'>
2025-12-16 14:53:37,657 - __main__ - INFO - Nombre de features attendues: 5
2025-12-16 14:53:37,667 - __main__ - INFO - Test de prédiction réussi: 0
2025-12-16 14:53:37,672 - werkzeug - WARNING -  * Debugger is active!
2025-12-16 14:53:37,672 - werkzeug - INFO -  * Debugger PIN: 823-576-407
2025-12-16 14:53:39,294 - werkzeug - INFO -  * Detected change in '/workspaces/Projet_Collecte_Donn-es_IA-2/app/mesures_capteurs.py', reloading
2025-12-16 14:53:39,515 - werkzeug - INFO -  * Restarting with watchdog (inotify)
2025-12-16 14:53:41,059 - __main__ - INFO - Features extraites du modèle: ['wind_speed', 'vibration_level', 'temperature', 'power_output', 'maintenance_done']
2025-12-16 14:53:41,063 - __main__ - INFO - Modèle chargé avec succès depuis Model_B/model_classification.pkl
2025-12-16 14:53:41,063 - __main__ - INFO - Type de modèle: <class 'sklearn.ensemble._forest.RandomForestClassifier'>
2025-12-16 14:53:41,063 - __main__ - INFO - Nombre de features attendues: 5
2025-12-16 14:53:41,098 - __main__ - INFO - Test de prédiction réussi: 0
2025-12-16 14:53:41,108 - werkzeug - WARNING -  * Debugger is active!
2025-12-16 14:53:41,110 - werkzeug - INFO -  * Debugger PIN: 823-576-407
2025-12-16 14:53:42,081 - werkzeug - INFO -  * Detected change in '/workspaces/Projet_Collecte_Donn-es_IA-2/app/mesures_capteurs.py', reloading
2025-12-16 14:53:42,328 - werkzeug - INFO -  * Restarting with watchdog (inotify)
2025-12-16 14:53:43,587 - __main__ - INFO - Features extraites du modèle: ['wind_speed', 'vibration_level', 'temperature', 'power_output', 'maintenance_done']
2025-12-16 14:53:43,588 - __main__ - INFO - Modèle chargé avec succès depuis Model_B/model_classification.pkl
2025-12-16 14:53:43,588 - __main__ - INFO - Type de modèle: <class 'sklearn.ensemble._forest.RandomForestClassifier'>
2025-12-16 14:53:43,588 - __main__ - INFO - Nombre de features attendues: 5
2025-12-16 14:53:43,599 - __main__ - INFO - Test de prédiction réussi: 0
2025-12-16 14:53:43,607 - werkzeug - WARNING -  * Debugger is active!
2025-12-16 14:53:43,607 - werkzeug - INFO -  * Debugger PIN: 823-576-407
2025-12-16 14:53:46,781 - werkzeug - INFO -  * Detected change in '/workspaces/Projet_Collecte_Donn-es_IA-2/app/mesures_capteurs.py', reloading
2025-12-16 14:53:47,014 - werkzeug - INFO -  * Restarting with watchdog (inotify)
2025-12-16 14:53:48,151 - __main__ - INFO - Features extraites du modèle: ['wind_speed', 'vibration_level', 'temperature', 'power_output', 'maintenance_done']
2025-12-16 14:53:48,152 - __main__ - INFO - Modèle chargé avec succès depuis Model_B/model_classification.pkl
2025-12-16 14:53:48,152 - __main__ - INFO - Type de modèle: <class 'sklearn.ensemble._forest.RandomForestClassifier'>
2025-12-16 14:53:48,152 - __main__ - INFO - Nombre de features attendues: 5
2025-12-16 14:53:48,162 - __main__ - INFO - Test de prédiction réussi: 0
2025-12-16 14:53:48,166 - werkzeug - WARNING -  * Debugger is active!
2025-12-16 14:53:48,166 - werkzeug - INFO -  * Debugger PIN: 823-576-407
2025-12-16 14:53:50,527 - werkzeug - INFO -  * Detected change in '/workspaces/Projet_Collecte_Donn-es_IA-2/app/mesures_capteurs.py', reloading
2025-12-16 14:53:50,785 - werkzeug - INFO -  * Restarting with watchdog (inotify)
2025-12-16 14:53:51,951 - __main__ - INFO - Features extraites du modèle: ['wind_speed', 'vibration_level', 'temperature', 'power_output', 'maintenance_done']
2025-12-16 14:53:51,951 - __main__ - INFO - Modèle chargé avec succès depuis Model_B/model_classification.pkl
2025-12-16 14:53:51,951 - __main__ - INFO - Type de modèle: <class 'sklearn.ensemble._forest.RandomForestClassifier'>
2025-12-16 14:53:51,951 - __main__ - INFO - Nombre de features attendues: 5
2025-12-16 14:53:51,968 - __main__ - INFO - Test de prédiction réussi: 0
2025-12-16 14:53:51,974 - werkzeug - WARNING -  * Debugger is active!
2025-12-16 14:53:51,974 - werkzeug - INFO -  * Debugger PIN: 823-576-407
2025-12-16 15:01:47,522 - werkzeug - INFO -  * Detected change in '/workspaces/Projet_Collecte_Donn-es_IA-2/app/mesures_capteurs.py', reloading
2025-12-16 15:01:47,768 - werkzeug - INFO -  * Restarting with watchdog (inotify)
2025-12-16 15:01:49,038 - __main__ - INFO - Features extraites du modèle: ['wind_speed', 'vibration_level', 'temperature', 'power_output', 'maintenance_done']
2025-12-16 15:01:49,038 - __main__ - INFO - Modèle chargé avec succès depuis Model_B/model_classification.pkl
2025-12-16 15:01:49,038 - __main__ - INFO - Type de modèle: <class 'sklearn.ensemble._forest.RandomForestClassifier'>
2025-12-16 15:01:49,038 - __main__ - INFO - Nombre de features attendues: 5
2025-12-16 15:01:49,048 - __main__ - INFO - Test de prédiction réussi: 0
2025-12-16 15:01:49,053 - werkzeug - WARNING -  * Debugger is active!
2025-12-16 15:01:49,054 - werkzeug - INFO -  * Debugger PIN: 823-576-407
2025-12-16 15:02:15,784 - werkzeug - INFO -  * Detected change in '/workspaces/Projet_Collecte_Donn-es_IA-2/app/mesures_capteurs.py', reloading
2025-12-16 15:02:16,022 - werkzeug - INFO -  * Restarting with watchdog (inotify)
2025-12-16 15:02:17,752 - __main__ - INFO - Features extraites du modèle: ['wind_speed', 'vibration_level', 'temperature', 'power_output', 'maintenance_done']
2025-12-16 15:02:17,752 - __main__ - INFO - Modèle chargé avec succès depuis Model_B/model_classification.pkl
2025-12-16 15:02:17,752 - __main__ - INFO - Type de modèle: <class 'sklearn.ensemble._forest.RandomForestClassifier'>
2025-12-16 15:02:17,752 - __main__ - INFO - Nombre de features attendues: 5
2025-12-16 15:02:17,762 - __main__ - INFO - Test de prédiction réussi: 0
2025-12-16 15:02:17,766 - werkzeug - WARNING -  * Debugger is active!
2025-12-16 15:02:17,767 - werkzeug - INFO -  * Debugger PIN: 823-576-407
2025-12-16 15:02:27,051 - werkzeug - INFO -  * Detected change in '/workspaces/Projet_Collecte_Donn-es_IA-2/app/mesures_capteurs.py', reloading
2025-12-16 15:02:27,334 - werkzeug - INFO -  * Restarting with watchdog (inotify)
2025-12-16 15:02:28,887 - __main__ - INFO - Features extraites du modèle: ['wind_speed', 'vibration_level', 'temperature', 'power_output', 'maintenance_done']
2025-12-16 15:02:28,887 - __main__ - INFO - Modèle chargé avec succès depuis Model_B/model_classification.pkl
2025-12-16 15:02:28,888 - __main__ - INFO - Type de modèle: <class 'sklearn.ensemble._forest.RandomForestClassifier'>
2025-12-16 15:02:28,888 - __main__ - INFO - Nombre de features attendues: 5
2025-12-16 15:02:28,898 - __main__ - INFO - Test de prédiction réussi: 0
2025-12-16 15:02:28,904 - werkzeug - WARNING -  * Debugger is active!
2025-12-16 15:02:28,904 - werkzeug - INFO -  * Debugger PIN: 823-576-407
2025-12-16 15:02:31,761 - werkzeug - INFO -  * Detected change in '/workspaces/Projet_Collecte_Donn-es_IA-2/app/mesures_capteurs.py', reloading
2025-12-16 15:02:31,992 - werkzeug - INFO -  * Restarting with watchdog (inotify)
2025-12-16 15:02:33,187 - __main__ - INFO - Features extraites du modèle: ['wind_speed', 'vibration_level', 'temperature', 'power_output', 'maintenance_done']
2025-12-16 15:02:33,187 - __main__ - INFO - Modèle chargé avec succès depuis Model_B/model_classification.pkl
2025-12-16 15:02:33,187 - __main__ - INFO - Type de modèle: <class 'sklearn.ensemble._forest.RandomForestClassifier'>
2025-12-16 15:02:33,187 - __main__ - INFO - Nombre de features attendues: 5
2025-12-16 15:02:33,197 - __main__ - INFO - Test de prédiction réussi: 0
2025-12-16 15:02:33,202 - werkzeug - WARNING -  * Debugger is active!
2025-12-16 15:02:33,202 - werkzeug - INFO -  * Debugger PIN: 823-576-407
2025-12-16 15:05:58,797 - werkzeug - INFO -  * Detected change in '/workspaces/Projet_Collecte_Donn-es_IA-2/app/mesures_capteurs.py', reloading
2025-12-16 15:05:59,029 - werkzeug - INFO -  * Restarting with watchdog (inotify)
2025-12-16 15:06:00,235 - __main__ - INFO - Features extraites du modèle: ['wind_speed', 'vibration_level', 'temperature', 'power_output', 'maintenance_done']
2025-12-16 15:06:00,235 - __main__ - INFO - Modèle chargé avec succès depuis Model_B/model_classification.pkl
2025-12-16 15:06:00,235 - __main__ - INFO - Type de modèle: <class 'sklearn.ensemble._forest.RandomForestClassifier'>
2025-12-16 15:06:00,235 - __main__ - INFO - Nombre de features attendues: 5
2025-12-16 15:06:00,245 - __main__ - INFO - Test de prédiction réussi: 0
2025-12-16 15:06:00,250 - werkzeug - WARNING -  * Debugger is active!
2025-12-16 15:06:00,250 - werkzeug - INFO -  * Debugger PIN: 823-576-407
2025-12-16 15:07:50,022 - werkzeug - INFO -  * Detected change in '/workspaces/Projet_Collecte_Donn-es_IA-2/app/mesures_capteurs.py', reloading
2025-12-16 15:07:50,209 - werkzeug - INFO -  * Restarting with watchdog (inotify)
2025-12-16 15:07:51,357 - __main__ - INFO - Features extraites du modèle: ['wind_speed', 'vibration_level', 'temperature', 'power_output', 'maintenance_done']
2025-12-16 15:07:51,357 - __main__ - INFO - Modèle chargé avec succès depuis Model_B/model_classification.pkl
2025-12-16 15:07:51,357 - __main__ - INFO - Type de modèle: <class 'sklearn.ensemble._forest.RandomForestClassifier'>
2025-12-16 15:07:51,357 - __main__ - INFO - Nombre de features attendues: 5
2025-12-16 15:07:51,368 - __main__ - INFO - Test de prédiction réussi: 0
2025-12-16 15:07:51,374 - werkzeug - WARNING -  * Debugger is active!
2025-12-16 15:07:51,374 - werkzeug - INFO -  * Debugger PIN: 823-576-407
2025-12-16 15:07:52,898 - werkzeug - INFO -  * Detected change in '/workspaces/Projet_Collecte_Donn-es_IA-2/app/mesures_capteurs.py', reloading
2025-12-16 15:07:53,126 - werkzeug - INFO -  * Restarting with watchdog (inotify)
2025-12-16 15:07:54,306 - __main__ - INFO - Features extraites du modèle: ['wind_speed', 'vibration_level', 'temperature', 'power_output', 'maintenance_done']
2025-12-16 15:07:54,306 - __main__ - INFO - Modèle chargé avec succès depuis Model_B/model_classification.pkl
2025-12-16 15:07:54,307 - __main__ - INFO - Type de modèle: <class 'sklearn.ensemble._forest.RandomForestClassifier'>
2025-12-16 15:07:54,307 - __main__ - INFO - Nombre de features attendues: 5
2025-12-16 15:07:54,318 - __main__ - INFO - Test de prédiction réussi: 0
2025-12-16 15:07:54,324 - werkzeug - WARNING -  * Debugger is active!
2025-12-16 15:07:54,324 - werkzeug - INFO -  * Debugger PIN: 823-576-407
2025-12-16 15:07:55,886 - werkzeug - INFO -  * Detected change in '/workspaces/Projet_Collecte_Donn-es_IA-2/app/mesures_capteurs.py', reloading
2025-12-16 15:07:56,072 - werkzeug - INFO -  * Restarting with watchdog (inotify)
2025-12-16 15:07:57,292 - __main__ - INFO - Features extraites du modèle: ['wind_speed', 'vibration_level', 'temperature', 'power_output', 'maintenance_done']
2025-12-16 15:07:57,292 - __main__ - INFO - Modèle chargé avec succès depuis Model_B/model_classification.pkl
2025-12-16 15:07:57,293 - __main__ - INFO - Type de modèle: <class 'sklearn.ensemble._forest.RandomForestClassifier'>
2025-12-16 15:07:57,293 - __main__ - INFO - Nombre de features attendues: 5
2025-12-16 15:07:57,303 - __main__ - INFO - Test de prédiction réussi: 0
2025-12-16 15:07:57,307 - werkzeug - WARNING -  * Debugger is active!
2025-12-16 15:07:57,308 - werkzeug - INFO -  * Debugger PIN: 823-576-407
2025-12-16 15:08:02,723 - werkzeug - INFO -  * Detected change in '/workspaces/Projet_Collecte_Donn-es_IA-2/app/mesures_capteurs.py', reloading
2025-12-16 15:08:02,910 - werkzeug - INFO -  * Restarting with watchdog (inotify)
2025-12-16 15:08:04,122 - __main__ - INFO - Features extraites du modèle: ['wind_speed', 'vibration_level', 'temperature', 'power_output', 'maintenance_done']
2025-12-16 15:08:04,123 - __main__ - INFO - Modèle chargé avec succès depuis Model_B/model_classification.pkl
2025-12-16 15:08:04,123 - __main__ - INFO - Type de modèle: <class 'sklearn.ensemble._forest.RandomForestClassifier'>
2025-12-16 15:08:04,123 - __main__ - INFO - Nombre de features attendues: 5
2025-12-16 15:08:04,133 - __main__ - INFO - Test de prédiction réussi: 0
2025-12-16 15:08:04,137 - werkzeug - WARNING -  * Debugger is active!
2025-12-16 15:08:04,137 - werkzeug - INFO -  * Debugger PIN: 823-576-407
2025-12-16 15:08:58,194 - werkzeug - INFO -  * Detected change in '/workspaces/Projet_Collecte_Donn-es_IA-2/app/mesures_capteurs.py', reloading
2025-12-16 15:08:58,380 - werkzeug - INFO -  * Restarting with watchdog (inotify)
2025-12-16 15:08:59,591 - __main__ - INFO - Features extraites du modèle: ['wind_speed', 'vibration_level', 'temperature', 'power_output', 'maintenance_done']
2025-12-16 15:08:59,591 - __main__ - INFO - Modèle chargé avec succès depuis Model_B/model_classification.pkl
2025-12-16 15:08:59,591 - __main__ - INFO - Type de modèle: <class 'sklearn.ensemble._forest.RandomForestClassifier'>
2025-12-16 15:08:59,591 - __main__ - INFO - Nombre de features attendues: 5
2025-12-16 15:08:59,602 - __main__ - INFO - Test de prédiction réussi: 0
2025-12-16 15:08:59,608 - werkzeug - WARNING -  * Debugger is active!
2025-12-16 15:08:59,609 - werkzeug - INFO -  * Debugger PIN: 823-576-407
2025-12-16 15:10:32,663 - werkzeug - INFO -  * Detected change in '/workspaces/Projet_Collecte_Donn-es_IA-2/app/mesures_capteurs.py', reloading
2025-12-16 15:10:32,885 - werkzeug - INFO -  * Restarting with watchdog (inotify)
2025-12-16 15:10:34,152 - __main__ - INFO - Features extraites du modèle: ['wind_speed', 'vibration_level', 'temperature', 'power_output', 'maintenance_done']
2025-12-16 15:10:34,152 - __main__ - INFO - Modèle chargé avec succès depuis Model_B/model_classification.pkl
2025-12-16 15:10:34,153 - __main__ - INFO - Type de modèle: <class 'sklearn.ensemble._forest.RandomForestClassifier'>
2025-12-16 15:10:34,153 - __main__ - INFO - Nombre de features attendues: 5
2025-12-16 15:10:34,166 - __main__ - INFO - Test de prédiction réussi: 0
2025-12-16 15:10:34,173 - werkzeug - WARNING -  * Debugger is active!
2025-12-16 15:10:34,174 - werkzeug - INFO -  * Debugger PIN: 823-576-407
2025-12-16 15:10:44,151 - werkzeug - INFO -  * Detected change in '/workspaces/Projet_Collecte_Donn-es_IA-2/app/mesures_capteurs.py', reloading
2025-12-16 15:10:44,351 - werkzeug - INFO -  * Restarting with watchdog (inotify)
2025-12-16 15:10:45,637 - __main__ - INFO - Features extraites du modèle: ['wind_speed', 'vibration_level', 'temperature', 'power_output', 'maintenance_done']
2025-12-16 15:10:45,638 - __main__ - INFO - Modèle chargé avec succès depuis Model_B/model_classification.pkl
2025-12-16 15:10:45,638 - __main__ - INFO - Type de modèle: <class 'sklearn.ensemble._forest.RandomForestClassifier'>
2025-12-16 15:10:45,638 - __main__ - INFO - Nombre de features attendues: 5
2025-12-16 15:10:45,648 - __main__ - INFO - Test de prédiction réussi: 0
2025-12-16 15:10:45,652 - werkzeug - WARNING -  * Debugger is active!
2025-12-16 15:10:45,653 - werkzeug - INFO -  * Debugger PIN: 823-576-407
2025-12-16 15:10:49,667 - werkzeug - INFO -  * Detected change in '/workspaces/Projet_Collecte_Donn-es_IA-2/app/mesures_capteurs.py', reloading
2025-12-16 15:10:49,875 - werkzeug - INFO -  * Restarting with watchdog (inotify)
2025-12-16 15:10:51,715 - __main__ - INFO - Features extraites du modèle: ['wind_speed', 'vibration_level', 'temperature', 'power_output', 'maintenance_done']
2025-12-16 15:10:51,715 - __main__ - INFO - Modèle chargé avec succès depuis Model_B/model_classification.pkl
2025-12-16 15:10:51,715 - __main__ - INFO - Type de modèle: <class 'sklearn.ensemble._forest.RandomForestClassifier'>
2025-12-16 15:10:51,715 - __main__ - INFO - Nombre de features attendues: 5
2025-12-16 15:10:51,725 - __main__ - INFO - Test de prédiction réussi: 0
2025-12-16 15:10:51,729 - werkzeug - WARNING -  * Debugger is active!
2025-12-16 15:10:51,730 - werkzeug - INFO -  * Debugger PIN: 823-576-407
2025-12-16 15:12:16,984 - werkzeug - INFO -  * Detected change in '/workspaces/Projet_Collecte_Donn-es_IA-2/app/mesures_capteurs.py', reloading
2025-12-16 15:12:17,188 - werkzeug - INFO -  * Restarting with watchdog (inotify)
2025-12-16 15:12:18,359 - __main__ - INFO - Features extraites du modèle: ['wind_speed', 'vibration_level', 'temperature', 'power_output', 'maintenance_done']
2025-12-16 15:12:18,360 - __main__ - INFO - Modèle chargé avec succès depuis Model_B/model_classification.pkl
2025-12-16 15:12:18,360 - __main__ - INFO - Type de modèle: <class 'sklearn.ensemble._forest.RandomForestClassifier'>
2025-12-16 15:12:18,360 - __main__ - INFO - Nombre de features attendues: 5
2025-12-16 15:12:18,387 - __main__ - INFO - Test de prédiction réussi: 0
2025-12-16 15:12:18,402 - werkzeug - WARNING -  * Debugger is active!
2025-12-16 15:12:18,402 - werkzeug - INFO -  * Debugger PIN: 823-576-407
2025-12-16 15:12:22,877 - werkzeug - INFO -  * Detected change in '/workspaces/Projet_Collecte_Donn-es_IA-2/app/mesures_capteurs.py', reloading
2025-12-16 15:12:23,070 - werkzeug - INFO -  * Restarting with watchdog (inotify)
2025-12-16 15:12:24,406 - __main__ - INFO - Features extraites du modèle: ['wind_speed', 'vibration_level', 'temperature', 'power_output', 'maintenance_done']
2025-12-16 15:12:24,406 - __main__ - INFO - Modèle chargé avec succès depuis Model_B/model_classification.pkl
2025-12-16 15:12:24,406 - __main__ - INFO - Type de modèle: <class 'sklearn.ensemble._forest.RandomForestClassifier'>
2025-12-16 15:12:24,407 - __main__ - INFO - Nombre de features attendues: 5
2025-12-16 15:12:24,416 - __main__ - INFO - Test de prédiction réussi: 0
2025-12-16 15:12:24,421 - werkzeug - WARNING -  * Debugger is active!
2025-12-16 15:12:24,421 - werkzeug - INFO -  * Debugger PIN: 823-576-407
2025-12-16 15:14:28,790 - werkzeug - INFO -  * Detected change in '/workspaces/Projet_Collecte_Donn-es_IA-2/app/mesures_capteurs.py', reloading
2025-12-16 15:14:29,041 - werkzeug - INFO -  * Restarting with watchdog (inotify)
2025-12-16 15:14:30,429 - __main__ - INFO - Features extraites du modèle: ['wind_speed', 'vibration_level', 'temperature', 'power_output', 'maintenance_done']
2025-12-16 15:14:30,429 - __main__ - INFO - Modèle chargé avec succès depuis Model_B/model_classification.pkl
2025-12-16 15:14:30,429 - __main__ - INFO - Type de modèle: <class 'sklearn.ensemble._forest.RandomForestClassifier'>
2025-12-16 15:14:30,429 - __main__ - INFO - Nombre de features attendues: 5
2025-12-16 15:14:30,439 - __main__ - INFO - Test de prédiction réussi: 0
2025-12-16 15:14:30,444 - werkzeug - WARNING -  * Debugger is active!
2025-12-16 15:14:30,444 - werkzeug - INFO -  * Debugger PIN: 823-576-407
2025-12-16 15:26:53,265 - werkzeug - INFO -  * Detected change in '/workspaces/Projet_Collecte_Donn-es_IA-2/app/historiques.py', reloading
2025-12-16 15:26:53,266 - werkzeug - INFO -  * Detected change in '/workspaces/Projet_Collecte_Donn-es_IA-2/app/historiques.py', reloading
2025-12-16 15:26:53,697 - werkzeug - INFO -  * Restarting with watchdog (inotify)
2025-12-16 15:26:54,823 - __main__ - INFO - Features extraites du modèle: ['wind_speed', 'vibration_level', 'temperature', 'power_output', 'maintenance_done']
2025-12-16 15:26:54,823 - __main__ - INFO - Modèle chargé avec succès depuis Model_B/model_classification.pkl
2025-12-16 15:26:54,823 - __main__ - INFO - Type de modèle: <class 'sklearn.ensemble._forest.RandomForestClassifier'>
2025-12-16 15:26:54,823 - __main__ - INFO - Nombre de features attendues: 5
2025-12-16 15:26:54,833 - __main__ - INFO - Test de prédiction réussi: 0
2025-12-16 15:26:54,837 - werkzeug - WARNING -  * Debugger is active!
2025-12-16 15:26:54,838 - werkzeug - INFO -  * Debugger PIN: 823-576-407
2025-12-16 15:27:16,843 - werkzeug - INFO -  * Detected change in '/workspaces/Projet_Collecte_Donn-es_IA-2/app/historiques.py', reloading
2025-12-16 15:27:17,064 - werkzeug - INFO -  * Restarting with watchdog (inotify)
2025-12-16 15:27:19,619 - __main__ - INFO - Features extraites du modèle: ['wind_speed', 'vibration_level', 'temperature', 'power_output', 'maintenance_done']
2025-12-16 15:27:19,620 - __main__ - INFO - Modèle chargé avec succès depuis Model_B/model_classification.pkl
2025-12-16 15:27:19,620 - __main__ - INFO - Type de modèle: <class 'sklearn.ensemble._forest.RandomForestClassifier'>
2025-12-16 15:27:19,620 - __main__ - INFO - Nombre de features attendues: 5
2025-12-16 15:27:19,633 - __main__ - INFO - Test de prédiction réussi: 0
2025-12-16 15:27:19,659 - werkzeug - WARNING -  * Debugger is active!
2025-12-16 15:27:19,665 - werkzeug - INFO -  * Debugger PIN: 823-576-407
2025-12-16 15:27:24,634 - werkzeug - INFO -  * Detected change in '/workspaces/Projet_Collecte_Donn-es_IA-2/app/historiques.py', reloading
2025-12-16 15:27:24,812 - werkzeug - INFO -  * Restarting with watchdog (inotify)
2025-12-16 15:27:26,085 - __main__ - INFO - Features extraites du modèle: ['wind_speed', 'vibration_level', 'temperature', 'power_output', 'maintenance_done']
2025-12-16 15:27:26,086 - __main__ - INFO - Modèle chargé avec succès depuis Model_B/model_classification.pkl
2025-12-16 15:27:26,086 - __main__ - INFO - Type de modèle: <class 'sklearn.ensemble._forest.RandomForestClassifier'>
2025-12-16 15:27:26,086 - __main__ - INFO - Nombre de features attendues: 5
2025-12-16 15:27:26,100 - __main__ - INFO - Test de prédiction réussi: 0
2025-12-16 15:27:26,104 - werkzeug - WARNING -  * Debugger is active!
2025-12-16 15:27:26,105 - werkzeug - INFO -  * Debugger PIN: 823-576-407
2025-12-16 15:27:30,111 - werkzeug - INFO -  * Detected change in '/workspaces/Projet_Collecte_Donn-es_IA-2/app/historiques.py', reloading
2025-12-16 15:27:30,111 - werkzeug - INFO -  * Detected change in '/workspaces/Projet_Collecte_Donn-es_IA-2/app/historiques.py', reloading
2025-12-16 15:27:30,308 - werkzeug - INFO -  * Restarting with watchdog (inotify)
2025-12-16 15:27:31,463 - __main__ - INFO - Features extraites du modèle: ['wind_speed', 'vibration_level', 'temperature', 'power_output', 'maintenance_done']
2025-12-16 15:27:31,463 - __main__ - INFO - Modèle chargé avec succès depuis Model_B/model_classification.pkl
2025-12-16 15:27:31,463 - __main__ - INFO - Type de modèle: <class 'sklearn.ensemble._forest.RandomForestClassifier'>
2025-12-16 15:27:31,463 - __main__ - INFO - Nombre de features attendues: 5
2025-12-16 15:27:31,477 - __main__ - INFO - Test de prédiction réussi: 0
2025-12-16 15:27:31,482 - werkzeug - WARNING -  * Debugger is active!
2025-12-16 15:27:31,482 - werkzeug - INFO -  * Debugger PIN: 823-576-407
2025-12-16 15:27:37,856 - werkzeug - INFO -  * Detected change in '/workspaces/Projet_Collecte_Donn-es_IA-2/app/historiques.py', reloading
2025-12-16 15:27:38,026 - werkzeug - INFO -  * Restarting with watchdog (inotify)
2025-12-16 15:27:39,179 - __main__ - INFO - Features extraites du modèle: ['wind_speed', 'vibration_level', 'temperature', 'power_output', 'maintenance_done']
2025-12-16 15:27:39,179 - __main__ - INFO - Modèle chargé avec succès depuis Model_B/model_classification.pkl
2025-12-16 15:27:39,179 - __main__ - INFO - Type de modèle: <class 'sklearn.ensemble._forest.RandomForestClassifier'>
2025-12-16 15:27:39,179 - __main__ - INFO - Nombre de features attendues: 5
2025-12-16 15:27:39,190 - __main__ - INFO - Test de prédiction réussi: 0
2025-12-16 15:27:39,196 - werkzeug - WARNING -  * Debugger is active!
2025-12-16 15:27:39,197 - werkzeug - INFO -  * Debugger PIN: 823-576-407
2025-12-16 15:27:43,493 - werkzeug - INFO -  * Detected change in '/workspaces/Projet_Collecte_Donn-es_IA-2/app/historiques.py', reloading
2025-12-16 15:27:43,692 - werkzeug - INFO -  * Restarting with watchdog (inotify)
2025-12-16 15:27:45,218 - __main__ - INFO - Features extraites du modèle: ['wind_speed', 'vibration_level', 'temperature', 'power_output', 'maintenance_done']
2025-12-16 15:27:45,218 - __main__ - INFO - Modèle chargé avec succès depuis Model_B/model_classification.pkl
2025-12-16 15:27:45,219 - __main__ - INFO - Type de modèle: <class 'sklearn.ensemble._forest.RandomForestClassifier'>
2025-12-16 15:27:45,219 - __main__ - INFO - Nombre de features attendues: 5
2025-12-16 15:27:45,233 - __main__ - INFO - Test de prédiction réussi: 0
2025-12-16 15:27:45,240 - werkzeug - WARNING -  * Debugger is active!
2025-12-16 15:27:45,240 - werkzeug - INFO -  * Debugger PIN: 823-576-407
2025-12-16 15:28:22,620 - __main__ - INFO - Requête API: {"timestamp": "2025-12-16T15:28:22.619548", "endpoint": "model_info", "method": "GET", "user": "127.0.0.1", "token_provided": true, "params": null, "body": null}
2025-12-16 15:28:22,621 - werkzeug - INFO - 127.0.0.1 - - [16/Dec/2025 15:28:22] "GET /api/model-info HTTP/1.1" 200 -
2025-12-16 15:28:22,625 - __main__ - INFO - Requête API: {"timestamp": "2025-12-16T15:28:22.625537", "endpoint": "get_stats", "method": "GET", "user": "127.0.0.1", "token_provided": true, "params": null, "body": null}
2025-12-16 15:28:22,626 - werkzeug - INFO - 127.0.0.1 - - [16/Dec/2025 15:28:22] "GET /api/stats HTTP/1.1" 200 -
2025-12-16 15:28:29,357 - __main__ - INFO - Requête API: {"timestamp": "2025-12-16T15:28:29.357751", "endpoint": "model_info", "method": "GET", "user": "127.0.0.1", "token_provided": true, "params": null, "body": null}
2025-12-16 15:28:29,358 - werkzeug - INFO - 127.0.0.1 - - [16/Dec/2025 15:28:29] "GET /api/model-info HTTP/1.1" 200 -
2025-12-16 15:28:29,361 - __main__ - INFO - Requête API: {"timestamp": "2025-12-16T15:28:29.361812", "endpoint": "get_stats", "method": "GET", "user": "127.0.0.1", "token_provided": true, "params": null, "body": null}
2025-12-16 15:28:29,363 - werkzeug - INFO - 127.0.0.1 - - [16/Dec/2025 15:28:29] "GET /api/stats HTTP/1.1" 200 -
2025-12-16 15:29:38,045 - __main__ - INFO - Requête API: {"timestamp": "2025-12-16T15:29:38.044979", "endpoint": "predict", "method": "POST", "user": "127.0.0.1", "token_provided": true, "params": null, "body": {"wind_speed": 10.619999999999997, "vibration_level": 3.0100000000000042, "temperature": 25.19000000000003, "power_output": 750.2299999999998, "maintenance_done": 0}}
2025-12-16 15:29:38,046 - __main__ - INFO - Features préparées: (1, 5)
2025-12-16 15:29:38,066 - __main__ - INFO - Prédiction réussie: ID=pred_20251216_152938_1599, Risque=Faible, Probabilité=0.000
2025-12-16 15:29:38,067 - werkzeug - INFO - 127.0.0.1 - - [16/Dec/2025 15:29:38] "POST /api/predict HTTP/1.1" 200 -
2025-12-16 15:29:38,168 - __main__ - INFO - Requête API: {"timestamp": "2025-12-16T15:29:38.168287", "endpoint": "model_info", "method": "GET", "user": "127.0.0.1", "token_provided": true, "params": null, "body": null}
2025-12-16 15:29:38,169 - werkzeug - INFO - 127.0.0.1 - - [16/Dec/2025 15:29:38] "GET /api/model-info HTTP/1.1" 200 -
2025-12-16 15:29:38,173 - __main__ - INFO - Requête API: {"timestamp": "2025-12-16T15:29:38.173194", "endpoint": "get_stats", "method": "GET", "user": "127.0.0.1", "token_provided": true, "params": null, "body": null}
2025-12-16 15:29:38,173 - werkzeug - INFO - 127.0.0.1 - - [16/Dec/2025 15:29:38] "GET /api/stats HTTP/1.1" 200 -
2025-12-16 15:30:15,995 - __main__ - INFO - Requête API: {"timestamp": "2025-12-16T15:30:15.995270", "endpoint": "predict", "method": "POST", "user": "127.0.0.1", "token_provided": true, "params": null, "body": {"wind_speed": 10.619999999999997, "vibration_level": 3.0100000000000042, "temperature": 25.19000000000003, "power_output": 200.0, "maintenance_done": 1}}
2025-12-16 15:30:15,996 - __main__ - INFO - Features préparées: (1, 5)
2025-12-16 15:30:16,024 - __main__ - INFO - Prédiction réussie: ID=pred_20251216_153016_1633, Risque=Faible, Probabilité=0.005
2025-12-16 15:30:16,025 - werkzeug - INFO - 127.0.0.1 - - [16/Dec/2025 15:30:16] "POST /api/predict HTTP/1.1" 200 -
2025-12-16 15:30:16,120 - __main__ - INFO - Requête API: {"timestamp": "2025-12-16T15:30:16.120414", "endpoint": "model_info", "method": "GET", "user": "127.0.0.1", "token_provided": true, "params": null, "body": null}
2025-12-16 15:30:16,121 - werkzeug - INFO - 127.0.0.1 - - [16/Dec/2025 15:30:16] "GET /api/model-info HTTP/1.1" 200 -
2025-12-16 15:30:16,125 - __main__ - INFO - Requête API: {"timestamp": "2025-12-16T15:30:16.125332", "endpoint": "get_stats", "method": "GET", "user": "127.0.0.1", "token_provided": true, "params": null, "body": null}
2025-12-16 15:30:16,126 - werkzeug - INFO - 127.0.0.1 - - [16/Dec/2025 15:30:16] "GET /api/stats HTTP/1.1" 200 -
